Using pre-set license
Built from '2020.3/release' branch; Version is '2020.3.1f1 (77a89f25062f) revision 7841951'; Using compiler version '192528614'; Build Type 'Release'
OS: 'Windows 10 Home; OS build 19042.985; Version 2009; 64bit' Language: 'en' Physical Memory: 16245 MB
BatchMode: 1, IsHumanControllingUs: 0, StartBugReporterOnCrash: 0, Is64bit: 1, IsPro: 0

 COMMAND LINE ARGUMENTS:
C:\Program Files\Unity\Editor\Unity.exe
-adb2
-batchMode
-noUpm
-name
AssetImportWorker0
-projectPath
C:/Users/meera/Documents/GitHub/Polymorph
-logFile
Logs/AssetImportWorker0.log
-srvPort
62781
Successfully changed project path to: C:/Users/meera/Documents/GitHub/Polymorph
C:/Users/meera/Documents/GitHub/Polymorph
Using Asset Import Pipeline V2.
Refreshing native plugins compatible for Editor in 100.91 ms, found 0 plugins.
Preloading 0 native plugins for Editor in 0.00 ms.
Initialize engine version: 2020.3.1f1 (77a89f25062f)
[Subsystems] Discovering subsystems at path C:/Program Files/Unity/Editor/Data/Resources/UnitySubsystems
[Subsystems] Discovering subsystems at path C:/Users/meera/Documents/GitHub/Polymorph/Assets
GfxDevice: creating device client; threaded=0
Direct3D:
    Version:  Direct3D 11.0 [level 11.1]
    Renderer: NVIDIA GeForce RTX 2060 (ID=0x1f15)
    Vendor:   
    VRAM:     5980 MB
    Driver:   27.21.14.5730
Shader 'Universal Render Pipeline/Particles/Lit': fallback shader 'Universal Render Pipeline/Particles/SimpleLit' not found
Initialize mono
Mono path[0] = 'C:/Program Files/Unity/Editor/Data/Managed'
Mono path[1] = 'C:/Program Files/Unity/Editor/Data/MonoBleedingEdge/lib/mono/unityjit'
Mono config path = 'C:/Program Files/Unity/Editor/Data/MonoBleedingEdge/etc'
Using monoOptions --debugger-agent=transport=dt_socket,embedding=1,server=y,suspend=n,address=127.0.0.1:56468
Begin MonoManager ReloadAssembly
Registering precompiled unity dll's ...
Register platform support module: C:/Program Files/Unity/Editor/Data/PlaybackEngines/WebGLSupport/UnityEditor.WebGL.Extensions.dll
Register platform support module: C:/Program Files/Unity/Editor/Data/PlaybackEngines/WindowsStandaloneSupport/UnityEditor.WindowsStandalone.Extensions.dll
Registered in 0.002020 seconds.
Native extension for WindowsStandalone target not found
Native extension for WebGL target not found
Refreshing native plugins compatible for Editor in 100.37 ms, found 0 plugins.
Preloading 0 native plugins for Editor in 0.00 ms.
Invoked RoslynAnalysisRunner static constructor.
RoslynAnalysisRunner will not be running.
RoslynAnalysisRunner has terminated.
Mono: successfully reloaded assembly
- Completed reload, in  0.981 seconds
Platform modules already initialized, skipping
Registering precompiled user dll's ...
Registered in 0.002069 seconds.
Begin MonoManager ReloadAssembly
Native extension for WindowsStandalone target not found
Native extension for WebGL target not found
Refreshing native plugins compatible for Editor in 102.15 ms, found 0 plugins.
Preloading 0 native plugins for Editor in 0.00 ms.
Invoked RoslynAnalysisRunner static constructor.
RoslynAnalysisRunner will not be running.
RoslynAnalysisRunner has terminated.
Mono: successfully reloaded assembly
- Completed reload, in  1.157 seconds
Platform modules already initialized, skipping
========================================================================
Worker process is ready to serve import requests
Shader 'Universal Render Pipeline/Particles/Lit': fallback shader 'Universal Render Pipeline/Particles/SimpleLit' not found
Launched and connected shader compiler UnityShaderCompiler.exe after 0.03 seconds
Refreshing native plugins compatible for Editor in 1.21 ms, found 0 plugins.
Preloading 0 native plugins for Editor in 0.00 ms.
Unloading 3344 Unused Serialized files (Serialized files now loaded: 0)
System memory in use before: 273.9 MB.
System memory in use after: 274.1 MB.

Unloading 129 unused Assets to reduce memory usage. Loaded Objects now: 3833.
Total: 3.256000 ms (FindLiveObjects: 0.502400 ms CreateObjectMapping: 0.267200 ms MarkObjects: 2.336400 ms  DeleteObjects: 0.148800 ms)

========================================================================
Received Import Request.
  path: Assets/Scenes/Forest.unity
  artifactKey: Guid(f0b081ccf12e742408fefd9c0a19d9b4) Importer(815301076,1909f56bfc062723c751e8b465ee728b)
Start importing Assets/Scenes/Forest.unity using Guid(f0b081ccf12e742408fefd9c0a19d9b4) Importer(815301076,1909f56bfc062723c751e8b465ee728b)  -> (artifact id: '196f5350c6206240debcb32b088fdaec') in 0.011097 seconds
  Import took 0.016940 seconds .

========================================================================
Received Import Request.
  Time since last request: 179.567502 seconds.
  path: Assets/Scenes/Lighting Data/OldForestLighting/RenderPipeline.asset
  artifactKey: Guid(9df3fee7ef342c544aebdb0e98a997b6) Importer(815301076,1909f56bfc062723c751e8b465ee728b)
Start importing Assets/Scenes/Lighting Data/OldForestLighting/RenderPipeline.asset using Guid(9df3fee7ef342c544aebdb0e98a997b6) Importer(815301076,1909f56bfc062723c751e8b465ee728b)  -> (artifact id: '329ae19adb2d40d871dc68d6a33d7ded') in 0.035069 seconds
  Import took 0.041627 seconds .

========================================================================
Received Import Request.
  Time since last request: 2.016617 seconds.
  path: Assets/Scenes/Lighting Data/OldForestLighting/RenderPipeline.asset
  artifactKey: Guid(9df3fee7ef342c544aebdb0e98a997b6) Importer(815301076,1909f56bfc062723c751e8b465ee728b)
Start importing Assets/Scenes/Lighting Data/OldForestLighting/RenderPipeline.asset using Guid(9df3fee7ef342c544aebdb0e98a997b6) Importer(815301076,1909f56bfc062723c751e8b465ee728b)  -> (artifact id: 'a856c520fc8e9d4259eb1c94f725336a') in 0.002043 seconds
  Import took 0.007275 seconds .

========================================================================
Received Import Request.
  Time since last request: 0.004044 seconds.
  path: Assets/Scenes/Lighting Data/OldForestLighting/RenderPipeline.asset
  artifactKey: Guid(9df3fee7ef342c544aebdb0e98a997b6) Importer(815301076,1909f56bfc062723c751e8b465ee728b)
Start importing Assets/Scenes/Lighting Data/OldForestLighting/RenderPipeline.asset using Guid(9df3fee7ef342c544aebdb0e98a997b6) Importer(815301076,1909f56bfc062723c751e8b465ee728b)  -> (artifact id: 'a856c520fc8e9d4259eb1c94f725336a') in 0.002376 seconds
  Import took 0.007683 seconds .

========================================================================
Received Import Request.
  Time since last request: 8.319577 seconds.
  path: Assets/Scenes/Lighting Data/OldForestLighting/RenderPipeline.asset
  artifactKey: Guid(9df3fee7ef342c544aebdb0e98a997b6) Importer(815301076,1909f56bfc062723c751e8b465ee728b)
Start importing Assets/Scenes/Lighting Data/OldForestLighting/RenderPipeline.asset using Guid(9df3fee7ef342c544aebdb0e98a997b6) Importer(815301076,1909f56bfc062723c751e8b465ee728b)  -> (artifact id: 'e38fd7b9ec5fa3e24c3059c9b2b4e3ac') in 0.002249 seconds
  Import took 0.007745 seconds .

========================================================================
Received Import Request.
  Time since last request: 0.005596 seconds.
  path: Assets/Scenes/Lighting Data/OldForestLighting/RenderPipeline.asset
  artifactKey: Guid(9df3fee7ef342c544aebdb0e98a997b6) Importer(815301076,1909f56bfc062723c751e8b465ee728b)
Start importing Assets/Scenes/Lighting Data/OldForestLighting/RenderPipeline.asset using Guid(9df3fee7ef342c544aebdb0e98a997b6) Importer(815301076,1909f56bfc062723c751e8b465ee728b)  -> (artifact id: 'e38fd7b9ec5fa3e24c3059c9b2b4e3ac') in 0.002137 seconds
  Import took 0.006806 seconds .

AssetImportWorkerClient::OnTransportError - code=2 error=End of file
